<?xml version="1.0" encoding="UTF-8"?>
<!-- Generated by org.testng.reporters.JUnitReportReporter -->
<testsuite skipped="0" hostname="DESKTOP-6PC5H2U" name="labs2.BicycleTest" tests="1" failures="0" timestamp="30 лист. 2017 17:02:17 GMT" time="0.009" errors="0">
  <testcase name="cursTest" time="0.009" classname="labs2.BicycleTest"/>
</testsuite> <!-- labs2.BicycleTest -->
